<?xml version="1.0" encoding="UTF-8"?>
<testng-results ignored="0" total="1" passed="1" failed="0" skipped="0">
  <reporter-output>
  </reporter-output>
  <suite started-at="2021-04-28T23:54:32 IST" name="LoginTest" finished-at="2021-04-28T23:55:03 IST" duration-ms="30919">
    <groups>
      <group name="cucumber">
        <method signature="AbstractTestNGCucumberTests.runScenario(io.cucumber.testng.PickleWrapper, io.cucumber.testng.FeatureWrapper)[pri:0, instance:com.stepdef.RunnerTest@550ee7e5]" name="runScenario" class="io.cucumber.testng.AbstractTestNGCucumberTests"/>
      </group> <!-- cucumber -->
    </groups>
    <test started-at="2021-04-28T23:54:32 IST" name="FacebookLogin1" finished-at="2021-04-28T23:55:03 IST" duration-ms="30919">
      <class name="com.stepdef.RunnerTest">
        <test-method is-config="true" signature="setUpClass()[pri:0, instance:com.stepdef.RunnerTest@550ee7e5]" started-at="2021-04-28T23:54:32 IST" name="setUpClass" finished-at="2021-04-28T23:54:32 IST" duration-ms="593" status="PASS">
          <reporter-output>
          </reporter-output>
        </test-method> <!-- setUpClass -->
        <test-method signature="runScenario(io.cucumber.testng.PickleWrapper, io.cucumber.testng.FeatureWrapper)[pri:0, instance:com.stepdef.RunnerTest@550ee7e5]" started-at="2021-04-28T23:54:32 IST" name="runScenario" description="Runs Cucumber Scenarios" data-provider="scenarios" finished-at="2021-04-28T23:54:59 IST" duration-ms="26787" status="PASS">
          <params>
            <param index="0">
              <value>
                <![CDATA["user able to login to Facebook page page using correct credentials"]]>
              </value>
            </param>
            <param index="1">
              <value>
                <![CDATA["Optional[Login to Facebook page]"]]>
              </value>
            </param>
          </params>
          <reporter-output>
          </reporter-output>
        </test-method> <!-- runScenario -->
        <test-method is-config="true" signature="tearDownClass()[pri:0, instance:com.stepdef.RunnerTest@550ee7e5]" started-at="2021-04-28T23:54:59 IST" name="tearDownClass" finished-at="2021-04-28T23:55:03 IST" duration-ms="3488" status="PASS">
          <reporter-output>
          </reporter-output>
        </test-method> <!-- tearDownClass -->
      </class> <!-- com.stepdef.RunnerTest -->
    </test> <!-- FacebookLogin1 -->
  </suite> <!-- LoginTest -->
</testng-results>
